SF:lib/shared/utils/app_constants.dart
DA:8,1
DA:14,1
DA:21,1
DA:22,1
DA:24,1
DA:26,2
LF:6
LH:6
end_of_record
SF:lib/shared/utils/date_formatters.dart
DA:4,1
DA:5,1
DA:6,1
DA:9,3
DA:13,2
DA:14,2
DA:15,2
DA:17,2
DA:18,2
DA:20,2
DA:21,2
DA:25,0
DA:29,1
DA:31,4
DA:48,6
LF:15
LH:14
end_of_record
SF:lib/data/model/user_model.dart
DA:9,1
DA:19,1
DA:20,1
DA:21,1
DA:22,1
DA:23,1
DA:24,1
DA:25,1
DA:26,1
DA:31,1
DA:32,1
DA:33,1
DA:34,1
DA:35,1
DA:36,1
DA:37,1
DA:38,1
LF:17
LH:17
end_of_record
SF:lib/shared/utils/validators.dart
DA:6,1
DA:7,2
DA:10,1
DA:16,1
DA:17,2
DA:21,2
DA:24,1
DA:25,1
DA:30,1
DA:31,3
DA:42,1
DA:43,1
DA:47,2
DA:55,1
DA:56,1
DA:60,1
DA:68,1
DA:69,2
DA:73,3
DA:77,3
DA:85,1
DA:86,2
DA:91,2
DA:94,1
DA:95,1
DA:96,1
DA:101,4
DA:106,1
DA:107,1
LF:29
LH:29
end_of_record
SF:lib/data/model/category_model.dart
DA:5,1
DA:7,1
DA:8,1
DA:9,6
DA:10,1
DA:14,1
DA:15,3
LF:7
LH:7
end_of_record
SF:lib/data/model/item_model.dart
DA:28,1
DA:54,1
DA:56,1
DA:57,1
DA:58,2
DA:62,1
DA:63,1
DA:65,1
DA:66,1
DA:67,2
DA:68,1
DA:70,1
DA:71,1
DA:73,2
DA:74,1
DA:75,1
DA:76,2
DA:81,1
DA:82,2
DA:83,2
DA:84,2
DA:85,1
DA:86,1
DA:87,1
DA:88,1
DA:89,1
DA:90,1
DA:91,3
DA:93,1
DA:94,3
DA:97,2
DA:98,1
DA:99,1
DA:100,1
DA:103,2
DA:104,2
DA:105,2
DA:106,2
DA:107,2
DA:108,1
DA:112,1
DA:113,1
DA:114,1
DA:115,1
DA:116,1
DA:117,1
DA:118,1
DA:119,1
DA:120,1
DA:121,1
DA:122,1
DA:123,1
DA:124,2
DA:125,1
DA:126,1
DA:127,1
DA:128,1
DA:129,2
DA:133,3
DA:134,3
DA:135,3
DA:136,3
DA:139,2
DA:142,2
DA:145,0
DA:146,0
DA:147,0
DA:149,0
DA:150,0
DA:151,0
DA:152,0
DA:153,0
DA:154,0
DA:155,0
DA:156,0
DA:157,0
DA:163,1
DA:164,1
DA:178,9
DA:182,1
DA:183,1
DA:184,5
DA:185,2
DA:186,2
DA:192,1
DA:215,1
DA:216,1
DA:217,1
DA:218,1
DA:219,1
DA:220,0
DA:221,1
DA:222,1
DA:223,1
DA:224,1
DA:225,1
DA:226,1
DA:227,1
DA:228,0
DA:229,1
DA:230,1
DA:231,1
DA:232,1
DA:233,1
DA:234,1
DA:235,1
DA:236,1
LF:107
LH:93
end_of_record
SF:lib/data/model/leaderboard_entry.dart
DA:13,1
DA:24,1
DA:25,1
DA:26,1
DA:28,1
DA:29,1
DA:30,1
DA:31,1
DA:32,1
DA:33,1
DA:34,1
DA:35,1
DA:36,1
DA:41,4
LF:14
LH:14
end_of_record
SF:lib/data/model/claim_model.dart
DA:27,1
DA:48,1
DA:50,1
DA:52,1
DA:54,1
DA:55,6
DA:56,2
DA:57,1
DA:58,3
DA:59,2
DA:60,1
DA:61,3
DA:62,1
DA:63,1
DA:64,1
DA:65,1
DA:66,2
DA:68,2
DA:69,2
DA:70,1
DA:71,1
DA:72,1
DA:73,1
DA:74,1
DA:75,1
DA:76,2
DA:77,1
DA:78,1
DA:82,2
DA:83,1
DA:84,1
DA:85,1
DA:86,1
DA:87,1
DA:88,1
DA:89,2
DA:90,2
DA:91,1
DA:94,3
DA:95,3
DA:96,3
DA:99,1
DA:100,3
DA:101,3
LF:44
LH:44
end_of_record
SF:lib/data/model/activity_entry.dart
DA:14,1
DA:27,1
DA:28,1
DA:29,1
DA:30,1
DA:31,1
DA:32,1
DA:33,1
DA:34,1
DA:35,1
DA:36,1
DA:37,1
DA:38,1
DA:39,1
LF:14
LH:14
end_of_record
